[0315/112426.771:ERROR:process_reader_win.cc(182)] ResumeThread: The parameter is incorrect. (0x57)
[0315/112426.774:ERROR:process_reader_win.cc(151)] SuspendThread: Access is denied. (0x5)
[0315/112426.774:ERROR:process_reader_win.cc(151)] SuspendThread: Access is denied. (0x5)
[0315/112426.774:ERROR:process_reader_win.cc(151)] SuspendThread: Access is denied. (0x5)
[0315/112426.774:ERROR:process_reader_win.cc(151)] SuspendThread: Access is denied. (0x5)
[0315/112426.774:ERROR:process_reader_win.cc(151)] SuspendThread: Access is denied. (0x5)
[0315/112426.774:ERROR:process_reader_win.cc(151)] SuspendThread: Access is denied. (0x5)
[0315/112426.774:ERROR:process_reader_win.cc(151)] SuspendThread: Access is denied. (0x5)
[0315/112426.774:ERROR:process_reader_win.cc(151)] SuspendThread: Access is denied. (0x5)
[0315/112426.774:ERROR:process_reader_win.cc(151)] SuspendThread: Access is denied. (0x5)
[0315/112426.774:ERROR:process_reader_win.cc(151)] SuspendThread: Access is denied. (0x5)
[0315/112426.774:ERROR:process_reader_win.cc(151)] SuspendThread: Access is denied. (0x5)
[0315/112426.774:ERROR:process_reader_win.cc(151)] SuspendThread: Access is denied. (0x5)
[0315/112426.774:ERROR:process_reader_win.cc(151)] SuspendThread: Access is denied. (0x5)
[0315/112426.774:ERROR:process_reader_win.cc(151)] SuspendThread: Access is denied. (0x5)
[0315/112426.774:ERROR:process_reader_win.cc(151)] SuspendThread: Access is denied. (0x5)
[0315/112426.774:ERROR:process_reader_win.cc(151)] SuspendThread: Access is denied. (0x5)
[0315/112426.774:ERROR:process_reader_win.cc(151)] SuspendThread: Access is denied. (0x5)
[0315/112426.774:ERROR:process_reader_win.cc(151)] SuspendThread: Access is denied. (0x5)
[0315/112426.774:ERROR:process_reader_win.cc(151)] SuspendThread: Access is denied. (0x5)
[0315/112426.774:ERROR:process_reader_win.cc(151)] SuspendThread: Access is denied. (0x5)
[0315/112426.774:ERROR:process_reader_win.cc(151)] SuspendThread: Access is denied. (0x5)
[0315/112426.774:ERROR:process_reader_win.cc(151)] SuspendThread: Access is denied. (0x5)
[0315/112426.774:ERROR:process_reader_win.cc(151)] SuspendThread: Access is denied. (0x5)
[0315/112426.774:ERROR:process_reader_win.cc(151)] SuspendThread: Access is denied. (0x5)
[0315/112426.774:ERROR:process_reader_win.cc(151)] SuspendThread: Access is denied. (0x5)
[0315/112426.774:ERROR:process_reader_win.cc(151)] SuspendThread: Access is denied. (0x5)
[0315/112426.774:ERROR:process_reader_win.cc(151)] SuspendThread: Access is denied. (0x5)
[0315/112426.774:ERROR:process_reader_win.cc(151)] SuspendThread: Access is denied. (0x5)
[0315/112426.774:ERROR:process_reader_win.cc(151)] SuspendThread: Access is denied. (0x5)
[0315/112426.774:ERROR:process_reader_win.cc(123)] NtOpenThread: An invalid Client ID was specified. (0xc000000b)
[0315/112426.777:ERROR:exception_snapshot_win.cc(88)] thread ID 8008 not found in process
[0315/112426.777:WARNING:crash_report_exception_handler.cc(62)] ProcessSnapshotWin::Initialize failed
